10 [22890787075776] INFO perfrun.launcher <> - Launcher main begin
13 [22890787075776] INFO perfrun.launcher <> - MessageCatalogInit finished
13 [22890787075776] INFO perfrun.launcher <> - Launcher instance created
13 [22890787075776] INFO perfrun.launcher <> - argc = 6; cmdline = /g100/prod/opt/compilers/intel/oneapi-2022/binary/vtune/2022.0.0/bin64/amplxe-runss -dump-vdso -r /scratch_local/slurm_job.9681264/amplxe-tmp-a08tra41/amplxe-res-4347-92714126540156838 --tmp-dir /scratch_local/slurm_job.9681264/amplxe-tmp-a08tra41 
80 [22890787075776] INFO perfrun.launcher <> - create msngr2::ICliToolContext
80 [22890787075776] INFO perfrun.launcher <> - create file finder object
84 [22890659559168] INFO perfrun.launcher <> - plugin [remoteplug] was disabled because it doesn't support the given collection type.
84 [22890659559168] INFO perfrun.launcher <> - plugin [system] was disabled because it doesn't support the given collection type.
84 [22890659559168] INFO perfrun.vdso <> - dumping [vdso] pseudomodule
93 [22890659559168] INFO perfrun.launcher <> - plugin [itt] was disabled because it doesn't support the given collection type.
93 [22890659559168] INFO perfrun.launcher <> - plugin [ptracecollector] was disabled because it doesn't support the given collection type.
93 [22890659559168] INFO perfrun.launcher <> - plugin [gpu] was disabled because it doesn't support the given collection type.
93 [22890659559168] INFO perfrun.launcher <> - plugin [] was disabled because it doesn't support the given collection type.
93 [22890659559168] INFO perfrun.launcher <> - plugin [] was disabled because it doesn't support the given collection type.
93 [22890659559168] INFO perfrun.launcher <> - plugin [] was disabled because it doesn't support the given collection type.
93 [22890659559168] INFO perfrun.launcher <> - plugin [mrte] was disabled because it doesn't support the given collection type.
93 [22890659559168] INFO perfrun.launcher <> - plugin [emon] was disabled because it doesn't support the given collection type.
93 [22890659559168] INFO perfrun.launcher <> - plugin [cuscol] was disabled because it doesn't support the given collection type.
93 [22890659559168] INFO perfrun.launcher <> - plugin [stdsrc] was disabled because it doesn't support the given collection type.
93 [22890659559168] INFO perfrun.launcher <> - plugin [sep] was disabled because it doesn't support the given collection type.
93 [22890659559168] INFO perfrun.launcher <> - plugin [vtsspp] was disabled because it doesn't support the given collection type.
93 [22890659559168] INFO perfrun.launcher <> - plugin [perf] was disabled because it doesn't support the given collection type.
93 [22890659559168] INFO perfrun.launcher <> - plugin [aoclprofile] was disabled because it doesn't support the given collection type.
93 [22890659559168] INFO perfrun.launcher <> - plugin [tpss] was disabled because it doesn't support the given collection type.
93 [22890659559168] INFO perfrun.launcher <> - plugin [exprof] was disabled because it doesn't support the given collection type.
93 [22890659559168] INFO perfrun.launcher <> - plugin [media] was disabled because it doesn't support the given collection type.
93 [22890659559168] INFO perfrun.launcher <> - plugin [] was disabled because it doesn't support the given collection type.
93 [22890659559168] INFO perfrun.launcher <> - plugin [] was disabled because it doesn't support the given collection type.
93 [22890659559168] INFO perfrun.launcher <> - plugin [parallelfs] was disabled because it doesn't support the given collection type.
93 [22890659559168] INFO perfrun.launcher <> - plugin [power] was disabled because it doesn't support the given collection type.
93 [22890659559168] INFO perfrun.launcher <> - plugin [hwloc] was disabled because it doesn't support the given collection type.
93 [22890659559168] INFO perfrun.launcher <> - plugin [ipmwatch] was disabled because it doesn't support the given collection type.
93 [22890659559168] INFO perfrun.launcher <> - plugin [os_counters] was disabled because it doesn't support the given collection type.
93 [22890659559168] INFO perfrun.launcher <> - plugin [l0_metrics] was disabled because it doesn't support the given collection type.
93 [22890787075776] INFO perfrun.launcher <> - Application exit code: 0
93 [22890787075776] INFO perfrun.launcher <> - Exit code: 0
